--------------------------------------------------------------------------------
Release 14.7 Trace  (nt64)
Copyright (c) 1995-2013 Xilinx, Inc.  All rights reserved.

C:\Xilinx\14.7\ISE_DS\ISE\bin\nt64\unwrapped\trce.exe -intstyle ise -v 3 -s 3
-n 3 -fastpaths -xml twobit_adder.twx twobit_adder.ncd -o twobit_adder.twr
twobit_adder.pcf

Design file:              twobit_adder.ncd
Physical constraint file: twobit_adder.pcf
Device,package,speed:     xc7a100t,csg324,C,-3 (PRODUCTION 1.10 2013-10-13)
Report level:             verbose report

Environment Variable      Effect 
--------------------      ------ 
NONE                      No environment variables were set
--------------------------------------------------------------------------------

INFO:Timing:2698 - No timing constraints found, doing default enumeration.
INFO:Timing:3412 - To improve timing, see the Timing Closure User Guide (UG612).
INFO:Timing:2752 - To get complete path coverage, use the unconstrained paths 
   option. All paths that are not constrained will be reported in the 
   unconstrained paths section(s) of the report.
INFO:Timing:3339 - The clock-to-out numbers in this timing report are based on 
   a 50 Ohm transmission line loading model.  For the details of this model, 
   and for more information on accounting for different loading conditions, 
   please see the device datasheet.



Data Sheet report:
-----------------
All values displayed in nanoseconds (ns)

Pad to Pad
---------------+---------------+---------+
Source Pad     |Destination Pad|  Delay  |
---------------+---------------+---------+
c_in           |c_out          |    5.512|
c_in           |out<0>         |    4.916|
c_in           |out<1>         |    5.327|
in_1<0>        |c_out          |    5.676|
in_1<0>        |out<0>         |    5.185|
in_1<0>        |out<1>         |    5.492|
in_1<1>        |c_out          |    5.363|
in_1<1>        |out<1>         |    5.185|
in_2<0>        |c_out          |    5.710|
in_2<0>        |out<0>         |    5.012|
in_2<0>        |out<1>         |    5.534|
in_2<1>        |c_out          |    5.732|
in_2<1>        |out<1>         |    5.563|
---------------+---------------+---------+


Analysis completed Mon Oct 27 18:43:46 2014 
--------------------------------------------------------------------------------

Trace Settings:
-------------------------
Trace Settings 

Peak Memory Usage: 614 MB



